2025-12-07 11:40:43,049 INFO: Backend Mediator Startup [in C:\Users\adity\Desktop\THE BHARAT COLLECTIONS\app.py:132]
2025-12-07 11:42:39,846 INFO: Backend Mediator Startup [in C:\Users\adity\Desktop\THE BHARAT COLLECTIONS\app.py:133]
2025-12-07 11:43:16,162 INFO: Backend Mediator Startup [in C:\Users\adity\Desktop\THE BHARAT COLLECTIONS\app.py:133]
2025-12-07 11:44:56,107 INFO: Backend Mediator Startup [in C:\Users\adity\Desktop\THE BHARAT COLLECTIONS\app.py:133]
2025-12-07 11:48:21,467 INFO: Backend Mediator Startup [in C:\Users\adity\Desktop\THE BHARAT COLLECTIONS\app.py:133]
2025-12-07 11:50:32,365 INFO: Backend Mediator Startup [in C:\Users\adity\Desktop\THE BHARAT COLLECTIONS\app.py:133]
2025-12-07 12:02:57,484 INFO: Backend Mediator Startup [in C:\Users\adity\Desktop\THE BHARAT COLLECTIONS\app.py:133]
2025-12-07 12:10:51,046 INFO: Backend Mediator Startup [in C:\Users\adity\Desktop\THE BHARAT COLLECTIONS\app.py:133]
2025-12-07 12:14:12,846 INFO: Backend Mediator Startup [in C:\Users\adity\Desktop\THE BHARAT COLLECTIONS\app.py:133]
2025-12-07 12:18:45,559 INFO: Backend Mediator Startup [in C:\Users\adity\Desktop\THE BHARAT COLLECTIONS\app.py:133]
2025-12-07 12:19:20,326 INFO: Backend Mediator Startup [in C:\Users\adity\Desktop\THE BHARAT COLLECTIONS\app.py:133]
2025-12-07 12:32:29,391 INFO: Backend Mediator Startup [in C:\Users\adity\Desktop\THE BHARAT COLLECTIONS\app.py:133]
2025-12-07 12:42:58,787 INFO: Backend Mediator Startup [in C:\Users\adity\Desktop\THE BHARAT COLLECTIONS\app.py:133]
2025-12-07 12:56:15,841 INFO: Backend Mediator Startup [in C:\Users\adity\Desktop\THE BHARAT COLLECTIONS\app.py:133]
2025-12-07 13:08:23,124 INFO: Backend Mediator Startup [in C:\Users\adity\Desktop\THE BHARAT COLLECTIONS\app.py:133]
2025-12-07 13:08:23,984 INFO: [OK] Supabase client initialized [in C:\Users\adity\Desktop\THE BHARAT COLLECTIONS\app.py:745]
2025-12-07 13:08:23,984 INFO: [OK] Razorpay client initialized [in C:\Users\adity\Desktop\THE BHARAT COLLECTIONS\app.py:754]
2025-12-07 13:08:24,273 INFO: [OK] Background scheduler configured [in C:\Users\adity\Desktop\THE BHARAT COLLECTIONS\app.py:733]
2025-12-07 13:08:24,436 INFO: [OK] Background scheduler started [in C:\Users\adity\Desktop\THE BHARAT COLLECTIONS\app.py:901]
2025-12-07 13:19:58,254 INFO: Backend Mediator Startup [in C:\Users\adity\Desktop\THE BHARAT COLLECTIONS\app.py:133]
2025-12-07 13:20:00,367 INFO: [OK] Supabase client initialized [in C:\Users\adity\Desktop\THE BHARAT COLLECTIONS\app.py:745]
2025-12-07 13:20:00,368 INFO: [OK] Razorpay client initialized [in C:\Users\adity\Desktop\THE BHARAT COLLECTIONS\app.py:754]
2025-12-07 13:20:00,408 INFO: [OK] Background scheduler configured [in C:\Users\adity\Desktop\THE BHARAT COLLECTIONS\app.py:733]
2025-12-07 13:20:00,478 INFO: [OK] Background scheduler started [in C:\Users\adity\Desktop\THE BHARAT COLLECTIONS\app.py:901]
2025-12-07 13:20:47,434 ERROR: [ERROR] Qikink authentication failed: HTTPSConnectionPool(host='sandbox-api.qikink.com', port=443): Read timed out. (read timeout=10) [in C:\Users\adity\Desktop\THE BHARAT COLLECTIONS\app.py:496]
2025-12-07 13:30:48,995 INFO: [OK] Background scheduler stopped [in C:\Users\adity\Desktop\THE BHARAT COLLECTIONS\app.py:910]
2025-12-07 13:31:15,339 INFO: Backend Mediator Startup [in C:\Users\adity\Desktop\THE BHARAT COLLECTIONS\app.py:133]
2025-12-07 13:31:17,653 INFO: [OK] Supabase client initialized [in C:\Users\adity\Desktop\THE BHARAT COLLECTIONS\app.py:745]
2025-12-07 13:31:17,654 INFO: [OK] Razorpay client initialized [in C:\Users\adity\Desktop\THE BHARAT COLLECTIONS\app.py:754]
2025-12-07 13:31:17,855 INFO: [OK] Background scheduler configured [in C:\Users\adity\Desktop\THE BHARAT COLLECTIONS\app.py:733]
2025-12-07 13:31:17,874 INFO: [OK] Background scheduler started [in C:\Users\adity\Desktop\THE BHARAT COLLECTIONS\app.py:901]
2025-12-07 13:33:39,860 ERROR: [ERROR] Qikink authentication failed: HTTPSConnectionPool(host='sandbox-api.qikink.com', port=443): Read timed out. (read timeout=10) [in C:\Users\adity\Desktop\THE BHARAT COLLECTIONS\app.py:496]
2025-12-07 13:33:50,236 ERROR: [ERROR] Qikink authentication failed: HTTPSConnectionPool(host='sandbox-api.qikink.com', port=443): Read timed out. (read timeout=10) [in C:\Users\adity\Desktop\THE BHARAT COLLECTIONS\app.py:496]
2025-12-07 14:05:29,366 INFO: Backend Mediator Startup [in C:\Users\adity\Desktop\THE BHARAT COLLECTIONS\app.py:133]
2025-12-07 14:05:32,563 INFO: [OK] Supabase client initialized [in C:\Users\adity\Desktop\THE BHARAT COLLECTIONS\app.py:745]
2025-12-07 14:05:32,565 INFO: [OK] Razorpay client initialized [in C:\Users\adity\Desktop\THE BHARAT COLLECTIONS\app.py:754]
2025-12-07 14:05:32,782 INFO: [OK] Background scheduler configured [in C:\Users\adity\Desktop\THE BHARAT COLLECTIONS\app.py:733]
2025-12-07 14:05:32,786 INFO: [OK] Background scheduler started [in C:\Users\adity\Desktop\THE BHARAT COLLECTIONS\app.py:901]
2025-12-07 17:49:39,637 INFO: Backend Mediator Startup [in C:\Users\adity\Desktop\THE BHARAT COLLECTIONS\app.py:133]
2025-12-07 17:49:42,436 INFO: [OK] Supabase client initialized [in C:\Users\adity\Desktop\THE BHARAT COLLECTIONS\app.py:745]
2025-12-07 17:49:42,439 INFO: [OK] Razorpay client initialized [in C:\Users\adity\Desktop\THE BHARAT COLLECTIONS\app.py:754]
2025-12-07 17:49:42,626 INFO: [OK] Background scheduler configured [in C:\Users\adity\Desktop\THE BHARAT COLLECTIONS\app.py:733]
2025-12-07 17:49:42,633 INFO: [OK] Background scheduler started [in C:\Users\adity\Desktop\THE BHARAT COLLECTIONS\app.py:901]
2025-12-07 17:50:19,443 ERROR: [ERROR] Qikink authentication failed: HTTPSConnectionPool(host='sandbox-api.qikink.com', port=443): Read timed out. (read timeout=10) [in C:\Users\adity\Desktop\THE BHARAT COLLECTIONS\app.py:496]
2025-12-07 17:51:27,859 ERROR: Signup error: {'message': "Could not find the table 'public.users' in the schema cache", 'code': 'PGRST205', 'hint': "Perhaps you meant the table 'public.orders'", 'details': None} [in C:\Users\adity\Desktop\THE BHARAT COLLECTIONS\app.py:1112]
2025-12-07 18:31:38,230 INFO: Backend Mediator Startup [in C:\Users\adity\Desktop\THE BHARAT COLLECTIONS\.\app.py:133]
2025-12-07 18:31:38,699 INFO: [OK] Supabase client initialized [in C:\Users\adity\Desktop\THE BHARAT COLLECTIONS\.\app.py:745]
2025-12-07 18:31:38,701 INFO: [OK] Razorpay client initialized [in C:\Users\adity\Desktop\THE BHARAT COLLECTIONS\.\app.py:754]
2025-12-07 18:31:38,952 INFO: [OK] Background scheduler configured [in C:\Users\adity\Desktop\THE BHARAT COLLECTIONS\.\app.py:733]
2025-12-07 18:31:38,969 INFO: [OK] Background scheduler started [in C:\Users\adity\Desktop\THE BHARAT COLLECTIONS\.\app.py:901]
2025-12-07 18:31:39,020 INFO: [OK] Background scheduler stopped [in C:\Users\adity\Desktop\THE BHARAT COLLECTIONS\.\app.py:910]
2025-12-07 18:32:11,820 INFO: Backend Mediator Startup [in C:\Users\adity\Desktop\THE BHARAT COLLECTIONS\app.py:133]
2025-12-07 18:32:12,094 INFO: [OK] Supabase client initialized [in C:\Users\adity\Desktop\THE BHARAT COLLECTIONS\app.py:745]
2025-12-07 18:32:12,097 INFO: [OK] Razorpay client initialized [in C:\Users\adity\Desktop\THE BHARAT COLLECTIONS\app.py:754]
2025-12-07 18:32:12,104 INFO: [OK] Background scheduler configured [in C:\Users\adity\Desktop\THE BHARAT COLLECTIONS\app.py:733]
2025-12-07 18:32:12,107 INFO: [OK] Background scheduler started [in C:\Users\adity\Desktop\THE BHARAT COLLECTIONS\app.py:901]
2025-12-07 18:33:17,150 INFO: [OK] Background scheduler stopped [in C:\Users\adity\Desktop\THE BHARAT COLLECTIONS\app.py:910]
2025-12-07 18:33:45,847 INFO: Backend Mediator Startup [in C:\Users\adity\Desktop\THE BHARAT COLLECTIONS\app.py:133]
2025-12-07 18:33:46,412 INFO: [OK] Supabase client initialized [in C:\Users\adity\Desktop\THE BHARAT COLLECTIONS\app.py:745]
2025-12-07 18:33:46,566 INFO: [OK] Razorpay client initialized [in C:\Users\adity\Desktop\THE BHARAT COLLECTIONS\app.py:754]
2025-12-07 18:33:46,575 INFO: [OK] Background scheduler configured [in C:\Users\adity\Desktop\THE BHARAT COLLECTIONS\app.py:733]
2025-12-07 18:33:46,587 INFO: [OK] Background scheduler started [in C:\Users\adity\Desktop\THE BHARAT COLLECTIONS\app.py:901]
2025-12-07 18:36:08,071 INFO: Backend Mediator Startup [in c:\Users\adity\Desktop\THE BHARAT COLLECTIONS\app.py:133]
2025-12-07 18:36:08,458 INFO: [OK] Supabase client initialized [in c:\Users\adity\Desktop\THE BHARAT COLLECTIONS\app.py:745]
2025-12-07 18:36:08,460 INFO: [OK] Razorpay client initialized [in c:\Users\adity\Desktop\THE BHARAT COLLECTIONS\app.py:754]
2025-12-07 18:36:08,518 INFO: [OK] Background scheduler configured [in c:\Users\adity\Desktop\THE BHARAT COLLECTIONS\app.py:733]
2025-12-07 18:36:08,536 INFO: [OK] Background scheduler started [in c:\Users\adity\Desktop\THE BHARAT COLLECTIONS\app.py:901]
2025-12-07 18:37:01,974 ERROR: [ERROR] Qikink authentication failed: HTTPSConnectionPool(host='sandbox-api.qikink.com', port=443): Read timed out. (read timeout=10) [in c:\Users\adity\Desktop\THE BHARAT COLLECTIONS\app.py:496]
2025-12-07 18:38:53,403 ERROR: Signup error: {'message': "Could not find the table 'public.users' in the schema cache", 'code': 'PGRST205', 'hint': "Perhaps you meant the table 'public.orders'", 'details': None} [in c:\Users\adity\Desktop\THE BHARAT COLLECTIONS\app.py:1124]
2025-12-07 18:48:50,921 INFO: [OK] Background scheduler stopped [in c:\Users\adity\Desktop\THE BHARAT COLLECTIONS\app.py:910]
2025-12-07 18:53:47,162 INFO: Backend Mediator Startup [in c:\Users\adity\Desktop\THE BHARAT COLLECTIONS\app.py:134]
2025-12-07 18:53:50,001 INFO: [OK] Supabase client initialized [in c:\Users\adity\Desktop\THE BHARAT COLLECTIONS\app.py:746]
2025-12-07 18:53:50,001 INFO: [OK] Razorpay client initialized [in c:\Users\adity\Desktop\THE BHARAT COLLECTIONS\app.py:755]
2025-12-07 18:53:50,282 INFO: [OK] Background scheduler configured [in c:\Users\adity\Desktop\THE BHARAT COLLECTIONS\app.py:734]
2025-12-07 18:53:50,342 INFO: [OK] Background scheduler started [in c:\Users\adity\Desktop\THE BHARAT COLLECTIONS\app.py:902]
2025-12-07 18:54:20,790 ERROR: [ERROR] Qikink authentication failed: HTTPSConnectionPool(host='sandbox-api.qikink.com', port=443): Read timed out. (read timeout=10) [in c:\Users\adity\Desktop\THE BHARAT COLLECTIONS\app.py:497]
2025-12-07 18:54:38,160 ERROR: Signup error: {'message': "Could not find the table 'public.users' in the schema cache", 'code': 'PGRST205', 'hint': "Perhaps you meant the table 'public.orders'", 'details': None} [in c:\Users\adity\Desktop\THE BHARAT COLLECTIONS\app.py:1125]
2025-12-07 19:07:03,043 INFO: [OK] Background scheduler stopped [in c:\Users\adity\Desktop\THE BHARAT COLLECTIONS\app.py:911]
2025-12-07 19:09:12,790 INFO: Backend Mediator Startup [in c:\Users\adity\Desktop\THE BHARAT COLLECTIONS\app.py:134]
2025-12-07 19:09:15,640 INFO: [OK] Supabase client initialized [in c:\Users\adity\Desktop\THE BHARAT COLLECTIONS\app.py:746]
2025-12-07 19:09:15,644 INFO: [OK] Razorpay client initialized [in c:\Users\adity\Desktop\THE BHARAT COLLECTIONS\app.py:755]
2025-12-07 19:09:15,788 INFO: [OK] Background scheduler configured [in c:\Users\adity\Desktop\THE BHARAT COLLECTIONS\app.py:734]
2025-12-07 19:09:15,813 INFO: [OK] Background scheduler started [in c:\Users\adity\Desktop\THE BHARAT COLLECTIONS\app.py:902]
2025-12-07 19:10:29,594 ERROR: [ERROR] Qikink authentication failed: HTTPSConnectionPool(host='sandbox-api.qikink.com', port=443): Read timed out. (read timeout=10) [in c:\Users\adity\Desktop\THE BHARAT COLLECTIONS\app.py:497]
2025-12-07 19:10:56,579 ERROR: Signup error: {'message': 'column app_users.email does not exist', 'code': '42703', 'hint': None, 'details': None} [in c:\Users\adity\Desktop\THE BHARAT COLLECTIONS\app.py:1125]
2025-12-07 19:16:10,066 INFO: [OK] Background scheduler stopped [in c:\Users\adity\Desktop\THE BHARAT COLLECTIONS\app.py:911]
2025-12-07 19:16:53,971 INFO: Backend Mediator Startup [in c:\Users\adity\Desktop\THE BHARAT COLLECTIONS\app.py:134]
2025-12-07 19:16:56,784 INFO: [OK] Supabase client initialized [in c:\Users\adity\Desktop\THE BHARAT COLLECTIONS\app.py:746]
2025-12-07 19:16:56,800 INFO: [OK] Razorpay client initialized [in c:\Users\adity\Desktop\THE BHARAT COLLECTIONS\app.py:755]
2025-12-07 19:16:57,112 INFO: [OK] Background scheduler configured [in c:\Users\adity\Desktop\THE BHARAT COLLECTIONS\app.py:734]
2025-12-07 19:16:57,144 INFO: [OK] Background scheduler started [in c:\Users\adity\Desktop\THE BHARAT COLLECTIONS\app.py:902]
2025-12-07 19:17:44,606 ERROR: [ERROR] Qikink authentication failed: HTTPSConnectionPool(host='sandbox-api.qikink.com', port=443): Read timed out. (read timeout=10) [in c:\Users\adity\Desktop\THE BHARAT COLLECTIONS\app.py:497]
2025-12-07 19:17:57,065 ERROR: Signup error: {'message': 'column app_users.email does not exist', 'code': '42703', 'hint': None, 'details': None} [in c:\Users\adity\Desktop\THE BHARAT COLLECTIONS\app.py:1124]
2025-12-07 19:19:15,328 INFO: [OK] Background scheduler stopped [in c:\Users\adity\Desktop\THE BHARAT COLLECTIONS\app.py:911]
2025-12-07 19:19:41,560 INFO: Backend Mediator Startup [in c:\Users\adity\Desktop\THE BHARAT COLLECTIONS\app.py:134]
2025-12-07 19:19:43,338 INFO: [OK] Supabase client initialized [in c:\Users\adity\Desktop\THE BHARAT COLLECTIONS\app.py:746]
2025-12-07 19:19:43,338 INFO: [OK] Razorpay client initialized [in c:\Users\adity\Desktop\THE BHARAT COLLECTIONS\app.py:755]
2025-12-07 19:19:43,457 INFO: [OK] Background scheduler configured [in c:\Users\adity\Desktop\THE BHARAT COLLECTIONS\app.py:734]
2025-12-07 19:19:43,522 INFO: [OK] Background scheduler started [in c:\Users\adity\Desktop\THE BHARAT COLLECTIONS\app.py:902]
2025-12-07 19:20:26,981 ERROR: [ERROR] Qikink authentication failed: HTTPSConnectionPool(host='sandbox-api.qikink.com', port=443): Read timed out. (read timeout=10) [in c:\Users\adity\Desktop\THE BHARAT COLLECTIONS\app.py:497]
2025-12-07 19:21:06,400 ERROR: Signup error: {'message': 'infinite recursion detected in policy for relation "app_users"', 'code': '42P17', 'hint': None, 'details': None} [in c:\Users\adity\Desktop\THE BHARAT COLLECTIONS\app.py:1125]
2025-12-07 19:26:49,764 INFO: [OK] Background scheduler stopped [in c:\Users\adity\Desktop\THE BHARAT COLLECTIONS\app.py:911]
2025-12-07 19:27:43,544 INFO: Backend Mediator Startup [in c:\Users\adity\Desktop\THE BHARAT COLLECTIONS\app.py:134]
2025-12-07 19:27:46,086 INFO: [OK] Supabase client initialized [in c:\Users\adity\Desktop\THE BHARAT COLLECTIONS\app.py:746]
2025-12-07 19:27:46,087 INFO: [OK] Razorpay client initialized [in c:\Users\adity\Desktop\THE BHARAT COLLECTIONS\app.py:755]
2025-12-07 19:27:46,250 INFO: [OK] Background scheduler configured [in c:\Users\adity\Desktop\THE BHARAT COLLECTIONS\app.py:734]
2025-12-07 19:27:46,277 INFO: [OK] Background scheduler started [in c:\Users\adity\Desktop\THE BHARAT COLLECTIONS\app.py:902]
2025-12-07 19:29:00,974 ERROR: [ERROR] Qikink authentication failed: HTTPSConnectionPool(host='sandbox-api.qikink.com', port=443): Read timed out. (read timeout=10) [in c:\Users\adity\Desktop\THE BHARAT COLLECTIONS\app.py:497]
2025-12-07 19:37:22,413 ERROR: [ERROR] Qikink authentication failed: HTTPSConnectionPool(host='sandbox-api.qikink.com', port=443): Read timed out. (read timeout=10) [in c:\Users\adity\Desktop\THE BHARAT COLLECTIONS\app.py:497]
2025-12-07 19:37:49,340 ERROR: [ERROR] Qikink authentication failed: HTTPSConnectionPool(host='sandbox-api.qikink.com', port=443): Read timed out. (read timeout=10) [in c:\Users\adity\Desktop\THE BHARAT COLLECTIONS\app.py:497]
2025-12-07 19:38:10,928 ERROR: Signup error: {'message': 'new row violates row-level security policy for table "app_users"', 'code': '42501', 'hint': None, 'details': None} [in c:\Users\adity\Desktop\THE BHARAT COLLECTIONS\app.py:1125]
2025-12-07 19:40:02,757 ERROR: [ERROR] Qikink authentication failed: HTTPSConnectionPool(host='sandbox-api.qikink.com', port=443): Read timed out. (read timeout=10) [in c:\Users\adity\Desktop\THE BHARAT COLLECTIONS\app.py:497]
2025-12-07 19:41:13,377 ERROR: [ERROR] Qikink authentication failed: HTTPSConnectionPool(host='sandbox-api.qikink.com', port=443): Read timed out. (read timeout=10) [in c:\Users\adity\Desktop\THE BHARAT COLLECTIONS\app.py:497]
2025-12-07 19:46:05,909 INFO: [OK] Background scheduler stopped [in c:\Users\adity\Desktop\THE BHARAT COLLECTIONS\app.py:911]
2025-12-07 19:47:07,037 INFO: Backend Mediator Startup [in C:\Users\adity\Desktop\THE BHARAT COLLECTIONS\app.py:134]
2025-12-07 19:47:12,606 INFO: [OK] Supabase client initialized [in C:\Users\adity\Desktop\THE BHARAT COLLECTIONS\app.py:746]
2025-12-07 19:47:12,610 INFO: [OK] Razorpay client initialized [in C:\Users\adity\Desktop\THE BHARAT COLLECTIONS\app.py:755]
2025-12-07 19:47:13,029 INFO: [OK] Background scheduler configured [in C:\Users\adity\Desktop\THE BHARAT COLLECTIONS\app.py:734]
2025-12-07 19:47:13,070 INFO: [OK] Background scheduler started [in C:\Users\adity\Desktop\THE BHARAT COLLECTIONS\app.py:902]
2025-12-07 19:48:59,696 ERROR: [ERROR] Qikink authentication failed: HTTPSConnectionPool(host='sandbox-api.qikink.com', port=443): Read timed out. (read timeout=10) [in C:\Users\adity\Desktop\THE BHARAT COLLECTIONS\app.py:497]
2025-12-07 19:54:31,109 INFO: [OK] Background scheduler stopped [in C:\Users\adity\Desktop\THE BHARAT COLLECTIONS\app.py:911]
2025-12-07 19:54:52,023 INFO: Backend Mediator Startup [in C:\Users\adity\Desktop\THE BHARAT COLLECTIONS\app.py:134]
2025-12-07 19:54:54,550 INFO: [OK] Supabase client initialized [in C:\Users\adity\Desktop\THE BHARAT COLLECTIONS\app.py:746]
2025-12-07 19:54:54,554 INFO: [OK] Razorpay client initialized [in C:\Users\adity\Desktop\THE BHARAT COLLECTIONS\app.py:755]
2025-12-07 19:54:54,592 INFO: [OK] Background scheduler configured [in C:\Users\adity\Desktop\THE BHARAT COLLECTIONS\app.py:734]
2025-12-07 19:54:54,622 INFO: [OK] Background scheduler started [in C:\Users\adity\Desktop\THE BHARAT COLLECTIONS\app.py:902]
2025-12-07 19:55:50,920 ERROR: [ERROR] Qikink authentication failed: HTTPSConnectionPool(host='sandbox-api.qikink.com', port=443): Read timed out. (read timeout=10) [in C:\Users\adity\Desktop\THE BHARAT COLLECTIONS\app.py:497]
2025-12-07 20:56:41,496 INFO: [OK] Background scheduler stopped [in C:\Users\adity\Desktop\THE BHARAT COLLECTIONS\app.py:911]
2025-12-07 20:57:22,264 INFO: Backend Mediator Startup [in C:\Users\adity\Desktop\THE BHARAT COLLECTIONS\app.py:134]
2025-12-07 20:57:25,320 INFO: [OK] Supabase client initialized [in C:\Users\adity\Desktop\THE BHARAT COLLECTIONS\app.py:746]
2025-12-07 20:57:25,321 INFO: [OK] Razorpay client initialized [in C:\Users\adity\Desktop\THE BHARAT COLLECTIONS\app.py:755]
2025-12-07 20:57:25,897 INFO: [OK] Background scheduler configured [in C:\Users\adity\Desktop\THE BHARAT COLLECTIONS\app.py:734]
2025-12-07 20:57:25,912 INFO: [OK] Background scheduler started [in C:\Users\adity\Desktop\THE BHARAT COLLECTIONS\app.py:902]
2025-12-07 20:57:59,569 ERROR: [ERROR] Qikink authentication failed: HTTPSConnectionPool(host='sandbox-api.qikink.com', port=443): Read timed out. (read timeout=10) [in C:\Users\adity\Desktop\THE BHARAT COLLECTIONS\app.py:497]
2025-12-07 20:59:08,571 ERROR: [ERROR] Qikink authentication failed: HTTPSConnectionPool(host='sandbox-api.qikink.com', port=443): Read timed out. (read timeout=10) [in C:\Users\adity\Desktop\THE BHARAT COLLECTIONS\app.py:497]
2025-12-07 20:59:55,066 INFO: [OK] Background scheduler stopped [in C:\Users\adity\Desktop\THE BHARAT COLLECTIONS\app.py:911]
